Microsoft (R) Help Compiler
HCRTF 4.03.0002
Copyright (c) Microsoft Corp 1990 - 1995. All rights reserved.
vqretrieve.hpj
    HC1002: Note: 
	Using existing phrase table: VqRetrieve.ph.
    HC3025: Warning: topic #1 of E:\lizhen1\³ÌÐò¿â\Â½\image retrieval(by lu)\MRVQMSVQRetrieve\hlp\.\afxcore.rtf : 
	Jump to undefined Topic ID: "menu_record".
    HC3025: Warning: topic #3 of E:\lizhen1\³ÌÐò¿â\Â½\image retrieval(by lu)\MRVQMSVQRetrieve\hlp\.\afxcore.rtf : 
	Jump to undefined Topic ID: "HID_OLE_EDIT_LINKS".
    HC3025: Warning: topic #3 of E:\lizhen1\³ÌÐò¿â\Â½\image retrieval(by lu)\MRVQMSVQRetrieve\hlp\.\afxcore.rtf : 
	Jump to undefined Topic ID: "HID_EDIT_PASTE_LINK".
    HC3025: Warning: topic #3 of E:\lizhen1\³ÌÐò¿â\Â½\image retrieval(by lu)\MRVQMSVQRetrieve\hlp\.\afxcore.rtf : 
	Jump to undefined Topic ID: "HID_OLE_INSERT_NEW".
    HC1010: Note: 
	The following mapped Topic IDs were not used in any topic:
	AFX_HIDP_UNREG_DONE
	HID_DATABASE_READFROMFILE
	HID_DATABASE_CLUSTERSORTING
	HID_RETRIEVE_EEKNNS
	AFX_HIDP_GET_NOT_SUPPORTED
	HID_HT_OBJECT
	AFX_HIDP_SQL_BOOKMARKS_NOT_ENABLED
	HID_RETRIEVE_VQFEATUREFILE
	HID_RETRIEVE_FEEDBACKNOMEMORY
	HID_RECORD_FIRST
	HID_EDIT_SELECT_ALL
	HID_FILE_UPDATE
	HIDD_DIALOG_EVALUATION
	AFX_HIDW_RESIZE_BAR
	AFX_HIDP_SQL_NO_DATA_FOUND
	AFX_HIDP_SQL_EMPTY_COLUMN_LIST
	AFX_HIDP_SQL_ODBC_LOAD_FAILED
	AFX_HIDP_FAILED_TO_CREATE
	HID_IMAGE_V1HIST
	HID_DATABASE_CODEBOOKFORDCTVQ
	AFX_HIDD_BUSY
	AFX_HIDP_ARCH_NONE
	HID_RECORD_LAST
	HID_RECORD_NEXT
	HID_RECORD_PREV
	HIDD_VQRETRIEVE_FORM
	AFX_HIDD_OBJECTPROPERTIES
	HID_RETRIEVE_VQALLCLUSTERS
	HID_RETRIEVE_FEEDBACKWITHMEMORY
	AFX_HIDP_UNREG_FAILURE
	AFX_HIDP_SQL_BOOKMARKS_NOT_SUPPORTED
	AFX_HIDP_FILE_TOO_MANY_OPEN
	AFX_HIDP_SQL_FIELD_NOT_FOUND
	AFX_HIDP_FILE_ACCESS_DENIED
	HID_RETRIEVE_FEATURESELECTED
	HID_RETRIEVE_VQONLYKNNCS
	HID_FILE_SAVE_COPY_AS
	AFX_HIDD_CONVERT
	HID_DATABASE_CODEBOOKFORMRVQ
	HID_DATABASE_CODEBOOKFORMSVQ
	HID_RETRIEVE_UPDATINGFS
	AFX_HIDP_ASK_TO_DISCARD
	AFX_HIDP_SQL_FIELD_SCHEMA_MISMATCH
	AFX_HIDP_SQL_LOCK_MODE_NOT_SUPPORTED
	HIDD_INFORMATION
	HID_FORMAT_FONT
	AFX_HIDP_FILE_HARD_IO
	HID_IMAGE_Y1HIST
	HID_DATABASE_FEATURESELECTION
	AFX_HIDD_CHANGESOURCE
	HID_RETRIEVE_STOP
	AFX_HIDP_FILE_NOT_FOUND
	AFX_HIDW_DOCKBAR_TOP
	AFX_HIDP_DAO_DFX_BIND
	HID_RETRIEVE_IEEKNNSBACK
	HID_RETRIEVE_IEEKNNSUSER
	HID_BUTTONDOWN
	HID_BUTTONLEFT
	HIDD_DIALOG_SOURCE
	HID_SAVECHOOSEIMAGE
	AFX_HIDP_SQL_ODBC_V2_REQUIRED
	AFX_HIDP_SQL_NO_ROWS_AFFECTED
	HID_OLE_EDIT_CONVERT
	HID_RETRIEVE_NORMAL
	AFX_HIDP_SQL_SQL_CONFORMANCE
	HID_DISPLAY_FIRST
	AFX_HIDD_INSERTOBJECT
	HID_EXIT
	HID_MOVE
	AFX_HIDP_SQL_RECORDSET_READONLY
	AFX_HIDP_PARSE_RADIO_BUTTON
	HID_IMAGE_AHIST
	HID_IMAGE_BHIST
	HID_IMAGE_CHIST
	HID_RETRIEVE_PAGES1
	HID_RETRIEVE_PAGES2
	HID_RETRIEVE_PAGES3
	HID_RETRIEVE_PAGES4
	HID_RETRIEVE_PAGES5
	HID_RETRIEVE_PAGES6
	HID_RETRIEVE_PAGES7
	HID_RETRIEVE_PAGES8
	HID_RETRIEVE_PAGES9
	HID_IMAGE_GHIST
	HID_IMAGE_HHIST
	HIDD_DIALOG_SHOW
	HID_IMAGE_IHIST
	HID_IMAGE_LHIST
	HID_IMAGE_QHIST
	HID_IMAGE_RHIST
	HID_IMAGE_SHIST
	HID_IMAGE_VHIST
	HID_IMAGE_YHIST
	HID_EDIT_PASTE_SPECIAL
	HID_DATABASE_SORTING
	HID_RETRIEVE_PAGES1AND1Image
	AFX_HIDP_DAO_ROWTOOSHORT
	AFX_HIDP_SQL_INCORRECT_ODBC
	AFX_HIDP_NO_ERROR_AVAILABLE
	AFX_HIDW_DOCKBAR_BOTTOM
	HID_IMAGEINFORMATION
	AFX_HIDP_FILE_DIR_FULL
	HID_IMAGE_B1HIST
	HID_BUTTONUP
	HID_RETRIEVE_EEEKNNS
	AFX_HIDP_DAO_BADBINDINFO
	AFX_HIDP_SQL_UPDATE_DELETE_FAILED
	AFX_HIDP_PARSE_DATETIME
	HID_OLE_EDIT_CHANGE_ICON
	AFX_HIDP_ARCH_ENDOFFILE
	HID_RETRIEVE_EKNNS
	AFX_HIDP_SQL_SQL_NO_TOTAL
	HIDD_DIALOG_DRAWCURVE
	AFX_HIDP_SQL_CONNECT_FAIL
	HID_RETRIEVE_START
	HID_RETRIEVE_PAGESALL
	AFX_HIDP_SQL_API_CONFORMANCE
	HID_OLE_EDIT_PROPERTIES
	AFX_HIDP_FILE_DISKFULL
	HIDD_DIALOG_FEEDBACKWITHMEMORY
	HIDR_VQRETRTYPE
	HID_QUERY_FEATURECOMPUTE
	HID_IMAGE_CbHIST
	HID_RETRIEVE_PAGES15
	HID_RETRIEVE_PAGES10
	HID_RETRIEVE_PAGES25
	HID_RETRIEVE_PAGES20
	HID_IMAGE_CrHIST
	HID_EVALUATION
	AFX_HIDW_DOCKBAR_LEFT
	AFX_HIDP_FILE_REMOVE_CURRENT
	AFX_HIDP_ARCH_BADCLASS
	AFX_HIDP_SQL_NO_POSITIONED_UPDATES
	HID_OLE_VERB_1
	HID_OLE_VERB_1
	HID_OLE_VERB_1
	HID_OLE_VERB_1
	HID_OLE_VERB_1
	HID_OLE_VERB_1
	HID_OLE_VERB_1
	HID_OLE_VERB_1
	HID_OLE_VERB_1
	HID_OLE_VERB_1
	HID_OLE_VERB_1
	HID_OLE_VERB_1
	HID_OLE_VERB_1
	HID_OLE_VERB_1
	HID_OLE_VERB_1
	HID_OLE_VERB_1
	AFX_HIDP_ARCH_BADINDEX
	HID_RETRIEVE_VQONLYNNC
	HID_DATABASE_NFEATURESPACEVQ
	HID_WIZBACK
	HID_WIZNEXT
	AFX_HIDP_PARSE_CURRENCY
	HID_RETRIEVE_IEKNNSBACK
	HID_RETRIEVE_IEKNNSUSER
	AFX_HIDP_FILE_NONE
	AFX_HIDP_FAILED_TO_CONVERT
	HIDR_IMAGE
	HID_HELP_FINDER
	AFX_HIDP_FILE_EOF
	HIDR_TEST_TMPL
	AFX_HIDP_FILE_LOCKING
	AFX_HIDP_SQL_ILLEGAL_MODE
	AFX_HIDD_PREVIEW_TOOLBAR
	HID_DATABASE_FEATURESAVE
	AFX_HIDP_SQL_NO_CURRENT_RECORD
	AFX_HIDP_FILE_BAD_PATH
	AFX_HIDP_FILE_BAD_SEEK
	HID_PRINT_PAGENOQUERY
	HIDD_DIALOG_FEEDBACK
	AFX_HIDP_SQL_ROW_UPDATE_NOT_SUPPORTED
	HID_PRINT_QUERY
	AFX_HIDP_FAILED_MAPI_LOAD
	AFX_HIDP_FAILED_MAPI_SEND
	AFX_HIDP_FILE_SHARING
	HID_QUERY_FEATURENORMALIZATION
	HID_IMAGE_H1HIST
	HIDR_TOOLBAR_DISPLAY
	HIDD_DIALOG_DATABASE
	HID_RETRIEVE_CLUSTERINGBOOK
	HID_FILE_PRINT_DIRECT
	AFX_HIDP_DLL_LOAD_FAILED
	AFX_HIDP_SQL_DYNASET_NOT_SUPPORTED
	AFX_HIDP_SQL_ROW_FETCH
	HIDD_DIALOG_FEATURESELECTION
	HIDD_DISPLAYIMAGE
	AFX_HIDP_SET_NOT_SUPPORTED
	AFX_HIDD_CHANGEICON
	AFX_HIDP_DLL_BAD_VERSION
	AFX_HIDP_ARCH_BADSCHEMA
	AFX_HIDD_FILEBROWSE
	HID_FEEDBACK_SCHEME1
	HID_FEEDBACK_SCHEME2
	HID_FEEDBACK_SCHEME3
	HID_FEEDBACK_SCHEME4
	HID_FEEDBACK_SCHEME5
	HID_FEEDBACK_SCHEME6
	HID_FEEDBACK_SCHEME7
	HID_FEEDBACK_SCHEME8
	HID_PRINT_PAGEWITHQUERY
	AFX_HIDD_EDITLINKS
	HID_RETRIEVE_FEATUREFILE
	AFX_HIDP_SQL_DATA_TRUNCATED
	HID_HT_HELP
	HID_WIZFINISH
	HID_BUTTONRITHT
	AFX_HIDP_INVALID_MAPI_DLL
	AFX_HIDD_PREVIEW_SHORTTOOLBAR
	AFX_HIDP_DAO_OBJECT_NOT_OPEN
	AFX_HIDP_ARCH_WRITEONLY
	HID_DATABASE_CODEWORDSSAVE
	HID_DISPLAY_PREVIOUS
	HID_OLE_EDIT_LINKS
	AFX_HIDP_SQL_MULTIPLE_ROWS_AFFECTED
	HID_DATABASE_CODEBOOKFORVQ
	HID_EDIT_PASTE_LINK
	AFX_HIDP_DAO_ENGINE_INITIALIZATION
	AFX_HIDW_DOCKBAR_FLOAT
	HID_DATABASE_FEATURECOMPUTE
	AFX_HIDW_DOCKBAR_RIGHT
	AFX_HIDP_PARSE_BYTE
	AFX_HIDP_PARSE_UINT
	AFX_HIDP_ARCH_GENERIC
	HID_DATABASE_FEATURENORMALIZATION
	HID_RETRIEVE_IEEEKNNSBACK
	HID_RETRIEVE_IEEEKNNSUSER
	AFX_HIDP_SQL_SNAPSHOT_NOT_SUPPORTED
	HID_CHANGEASQUERY
	AFX_HIDD_PASTESPECIAL
	AFX_HIDP_FILE_GENERIC
	AFX_HIDP_FILE_INVALID_FILE
	HID_HT_CLOSE
	AFX_HIDP_ARCH_READONLY
	AFX_HIDP_SQL_RECORDSET_FORWARD_ONLY
	HID_OLE_INSERT_NEW
	AFX_HIDP_SQL_DYNAMIC_CURSOR_NOT_SUPPORTED
	HID_DISPLAY_LAST
	HID_DISPLAY_NEXT
	HID_DATABASE_VQFEATURESAVE
	AFX_HIDP_DAO_COLUMNUNAVAILABLE
	HID_DATABASE_PATH
	HID_DATABASE_STOP
72	Topics
48	Jumps
16	Keywords
21	Bitmaps


Created E:\lizhen1\³ÌÐò¿â\Â½\image retrieval(by lu)\MRVQMSVQRetrieve\hlp\VqRetrieve.HLP, 38,406 bytes
Bitmaps: 5,348 bytes
Phrase+Zeck compression decreased help file by 14,382 bytes.
Compile time: 0 minutes, 0 seconds
2 notes, 4 warnings
